<?xml version="1.0" encoding="UTF-8"?>
<testsuite xmlns:xsi="http://www.w3.org/2001/XMLSchema-instance" xsi:noNamespaceSchemaLocation="https://maven.apache.org/surefire/maven-surefire-plugin/xsd/surefire-test-report-3.0.xsd" version="3.0" name="com.example.AppTest" time="0.02" tests="1" errors="0" skipped="0" failures="0">
  <properties>
    <property name="java.specification.version" value="22"/>
    <property name="sun.cpu.isalist" value="amd64"/>
    <property name="sun.jnu.encoding" value="Cp1252"/>
    <property name="java.class.path" value="C:\Users\GermanParra\OneDrive\Documents\dataprojects\NYCTaxiTrip-reader\target\test-classes;C:\Users\GermanParra\OneDrive\Documents\dataprojects\NYCTaxiTrip-reader\target\classes;C:\Users\GermanParra\.m2\repository\junit\junit\3.8.1\junit-3.8.1.jar;C:\Users\GermanParra\.m2\repository\org\apache\parquet\parquet-avro\1.14.1\parquet-avro-1.14.1.jar;C:\Users\GermanParra\.m2\repository\org\apache\parquet\parquet-column\1.14.1\parquet-column-1.14.1.jar;C:\Users\GermanParra\.m2\repository\org\apache\parquet\parquet-encoding\1.14.1\parquet-encoding-1.14.1.jar;C:\Users\GermanParra\.m2\repository\org\apache\parquet\parquet-hadoop\1.14.1\parquet-hadoop-1.14.1.jar;C:\Users\GermanParra\.m2\repository\org\apache\parquet\parquet-format-structures\1.14.1\parquet-format-structures-1.14.1.jar;C:\Users\GermanParra\.m2\repository\javax\annotation\javax.annotation-api\1.3.2\javax.annotation-api-1.3.2.jar;C:\Users\GermanParra\.m2\repository\org\apache\parquet\parquet-jackson\1.14.1\parquet-jackson-1.14.1.jar;C:\Users\GermanParra\.m2\repository\com\fasterxml\jackson\datatype\jackson-datatype-jdk8\2.17.0\jackson-datatype-jdk8-2.17.0.jar;C:\Users\GermanParra\.m2\repository\io\airlift\aircompressor\0.27\aircompressor-0.27.jar;C:\Users\GermanParra\.m2\repository\commons-pool\commons-pool\1.6\commons-pool-1.6.jar;C:\Users\GermanParra\.m2\repository\com\github\luben\zstd-jni\1.5.6-2\zstd-jni-1.5.6-2.jar;C:\Users\GermanParra\.m2\repository\org\apache\parquet\parquet-common\1.14.1\parquet-common-1.14.1.jar;C:\Users\GermanParra\.m2\repository\org\apache\avro\avro\1.11.3\avro-1.11.3.jar;C:\Users\GermanParra\.m2\repository\org\slf4j\slf4j-api\1.7.33\slf4j-api-1.7.33.jar;C:\Users\GermanParra\.m2\repository\org\apache\hadoop\hadoop-common\3.3.1\hadoop-common-3.3.1.jar;C:\Users\GermanParra\.m2\repository\org\apache\hadoop\thirdparty\hadoop-shaded-protobuf_3_7\1.1.1\hadoop-shaded-protobuf_3_7-1.1.1.jar;C:\Users\GermanParra\.m2\repository\org\apache\hadoop\hadoop-annotations\3.3.1\hadoop-annotations-3.3.1.jar;C:\Users\GermanParra\.m2\repository\org\apache\hadoop\thirdparty\hadoop-shaded-guava\1.1.1\hadoop-shaded-guava-1.1.1.jar;C:\Users\GermanParra\.m2\repository\com\google\guava\guava\27.0-jre\guava-27.0-jre.jar;C:\Users\GermanParra\.m2\repository\com\google\guava\failureaccess\1.0\failureaccess-1.0.jar;C:\Users\GermanParra\.m2\repository\com\google\guava\listenablefuture\9999.0-empty-to-avoid-conflict-with-guava\listenablefuture-9999.0-empty-to-avoid-conflict-with-guava.jar;C:\Users\GermanParra\.m2\repository\org\checkerframework\checker-qual\2.5.2\checker-qual-2.5.2.jar;C:\Users\GermanParra\.m2\repository\com\google\j2objc\j2objc-annotations\1.1\j2objc-annotations-1.1.jar;C:\Users\GermanParra\.m2\repository\org\codehaus\mojo\animal-sniffer-annotations\1.17\animal-sniffer-annotations-1.17.jar;C:\Users\GermanParra\.m2\repository\commons-cli\commons-cli\1.2\commons-cli-1.2.jar;C:\Users\GermanParra\.m2\repository\org\apache\httpcomponents\httpclient\4.5.13\httpclient-4.5.13.jar;C:\Users\GermanParra\.m2\repository\org\apache\httpcomponents\httpcore\4.4.13\httpcore-4.4.13.jar;C:\Users\GermanParra\.m2\repository\commons-codec\commons-codec\1.11\commons-codec-1.11.jar;C:\Users\GermanParra\.m2\repository\commons-io\commons-io\2.8.0\commons-io-2.8.0.jar;C:\Users\GermanParra\.m2\repository\commons-net\commons-net\3.6\commons-net-3.6.jar;C:\Users\GermanParra\.m2\repository\commons-collections\commons-collections\3.2.2\commons-collections-3.2.2.jar;C:\Users\GermanParra\.m2\repository\javax\servlet\javax.servlet-api\3.1.0\javax.servlet-api-3.1.0.jar;C:\Users\GermanParra\.m2\repository\jakarta\activation\jakarta.activation-api\1.2.1\jakarta.activation-api-1.2.1.jar;C:\Users\GermanParra\.m2\repository\org\eclipse\jetty\jetty-server\9.4.40.v20210413\jetty-server-9.4.40.v20210413.jar;C:\Users\GermanParra\.m2\repository\org\eclipse\jetty\jetty-http\9.4.40.v20210413\jetty-http-9.4.40.v20210413.jar;C:\Users\GermanParra\.m2\repository\org\eclipse\jetty\jetty-io\9.4.40.v20210413\jetty-io-9.4.40.v20210413.jar;C:\Users\GermanParra\.m2\repository\org\eclipse\jetty\jetty-util\9.4.40.v20210413\jetty-util-9.4.40.v20210413.jar;C:\Users\GermanParra\.m2\repository\org\eclipse\jetty\jetty-servlet\9.4.40.v20210413\jetty-servlet-9.4.40.v20210413.jar;C:\Users\GermanParra\.m2\repository\org\eclipse\jetty\jetty-security\9.4.40.v20210413\jetty-security-9.4.40.v20210413.jar;C:\Users\GermanParra\.m2\repository\org\eclipse\jetty\jetty-util-ajax\9.4.40.v20210413\jetty-util-ajax-9.4.40.v20210413.jar;C:\Users\GermanParra\.m2\repository\org\eclipse\jetty\jetty-webapp\9.4.40.v20210413\jetty-webapp-9.4.40.v20210413.jar;C:\Users\GermanParra\.m2\repository\org\eclipse\jetty\jetty-xml\9.4.40.v20210413\jetty-xml-9.4.40.v20210413.jar;C:\Users\GermanParra\.m2\repository\javax\servlet\jsp\jsp-api\2.1\jsp-api-2.1.jar;C:\Users\GermanParra\.m2\repository\com\sun\jersey\jersey-core\1.19\jersey-core-1.19.jar;C:\Users\GermanParra\.m2\repository\javax\ws\rs\jsr311-api\1.1.1\jsr311-api-1.1.1.jar;C:\Users\GermanParra\.m2\repository\com\sun\jersey\jersey-servlet\1.19\jersey-servlet-1.19.jar;C:\Users\GermanParra\.m2\repository\com\sun\jersey\jersey-json\1.19\jersey-json-1.19.jar;C:\Users\GermanParra\.m2\repository\org\codehaus\jettison\jettison\1.1\jettison-1.1.jar;C:\Users\GermanParra\.m2\repository\com\sun\xml\bind\jaxb-impl\2.2.3-1\jaxb-impl-2.2.3-1.jar;C:\Users\GermanParra\.m2\repository\org\codehaus\jackson\jackson-core-asl\1.9.2\jackson-core-asl-1.9.2.jar;C:\Users\GermanParra\.m2\repository\org\codehaus\jackson\jackson-mapper-asl\1.9.2\jackson-mapper-asl-1.9.2.jar;C:\Users\GermanParra\.m2\repository\org\codehaus\jackson\jackson-jaxrs\1.9.2\jackson-jaxrs-1.9.2.jar;C:\Users\GermanParra\.m2\repository\org\codehaus\jackson\jackson-xc\1.9.2\jackson-xc-1.9.2.jar;C:\Users\GermanParra\.m2\repository\com\sun\jersey\jersey-server\1.19\jersey-server-1.19.jar;C:\Users\GermanParra\.m2\repository\commons-logging\commons-logging\1.1.3\commons-logging-1.1.3.jar;C:\Users\GermanParra\.m2\repository\log4j\log4j\1.2.17\log4j-1.2.17.jar;C:\Users\GermanParra\.m2\repository\commons-beanutils\commons-beanutils\1.9.4\commons-beanutils-1.9.4.jar;C:\Users\GermanParra\.m2\repository\org\apache\commons\commons-configuration2\2.1.1\commons-configuration2-2.1.1.jar;C:\Users\GermanParra\.m2\repository\org\apache\commons\commons-lang3\3.7\commons-lang3-3.7.jar;C:\Users\GermanParra\.m2\repository\org\apache\commons\commons-text\1.4\commons-text-1.4.jar;C:\Users\GermanParra\.m2\repository\org\slf4j\slf4j-log4j12\1.7.30\slf4j-log4j12-1.7.30.jar;C:\Users\GermanParra\.m2\repository\com\google\re2j\re2j\1.1\re2j-1.1.jar;C:\Users\GermanParra\.m2\repository\com\google\protobuf\protobuf-java\2.5.0\protobuf-java-2.5.0.jar;C:\Users\GermanParra\.m2\repository\com\google\code\gson\gson\2.2.4\gson-2.2.4.jar;C:\Users\GermanParra\.m2\repository\org\apache\hadoop\hadoop-auth\3.3.1\hadoop-auth-3.3.1.jar;C:\Users\GermanParra\.m2\repository\com\nimbusds\nimbus-jose-jwt\9.8.1\nimbus-jose-jwt-9.8.1.jar;C:\Users\GermanParra\.m2\repository\com\github\stephenc\jcip\jcip-annotations\1.0-1\jcip-annotations-1.0-1.jar;C:\Users\GermanParra\.m2\repository\net\minidev\json-smart\2.4.2\json-smart-2.4.2.jar;C:\Users\GermanParra\.m2\repository\net\minidev\accessors-smart\2.4.2\accessors-smart-2.4.2.jar;C:\Users\GermanParra\.m2\repository\org\ow2\asm\asm\8.0.1\asm-8.0.1.jar;C:\Users\GermanParra\.m2\repository\org\apache\curator\curator-framework\4.2.0\curator-framework-4.2.0.jar;C:\Users\GermanParra\.m2\repository\org\apache\kerby\kerb-simplekdc\1.0.1\kerb-simplekdc-1.0.1.jar;C:\Users\GermanParra\.m2\repository\org\apache\kerby\kerb-client\1.0.1\kerb-client-1.0.1.jar;C:\Users\GermanParra\.m2\repository\org\apache\kerby\kerby-config\1.0.1\kerby-config-1.0.1.jar;C:\Users\GermanParra\.m2\repository\org\apache\kerby\kerb-common\1.0.1\kerb-common-1.0.1.jar;C:\Users\GermanParra\.m2\repository\org\apache\kerby\kerb-crypto\1.0.1\kerb-crypto-1.0.1.jar;C:\Users\GermanParra\.m2\repository\org\apache\kerby\kerb-util\1.0.1\kerb-util-1.0.1.jar;C:\Users\GermanParra\.m2\repository\org\apache\kerby\token-provider\1.0.1\token-provider-1.0.1.jar;C:\Users\GermanParra\.m2\repository\org\apache\kerby\kerb-admin\1.0.1\kerb-admin-1.0.1.jar;C:\Users\GermanParra\.m2\repository\org\apache\kerby\kerb-server\1.0.1\kerb-server-1.0.1.jar;C:\Users\GermanParra\.m2\repository\org\apache\kerby\kerb-identity\1.0.1\kerb-identity-1.0.1.jar;C:\Users\GermanParra\.m2\repository\org\apache\kerby\kerby-xdr\1.0.1\kerby-xdr-1.0.1.jar;C:\Users\GermanParra\.m2\repository\com\jcraft\jsch\0.1.55\jsch-0.1.55.jar;C:\Users\GermanParra\.m2\repository\org\apache\curator\curator-client\4.2.0\curator-client-4.2.0.jar;C:\Users\GermanParra\.m2\repository\org\apache\curator\curator-recipes\4.2.0\curator-recipes-4.2.0.jar;C:\Users\GermanParra\.m2\repository\com\google\code\findbugs\jsr305\3.0.2\jsr305-3.0.2.jar;C:\Users\GermanParra\.m2\repository\org\apache\htrace\htrace-core4\4.1.0-incubating\htrace-core4-4.1.0-incubating.jar;C:\Users\GermanParra\.m2\repository\org\apache\zookeeper\zookeeper\3.5.6\zookeeper-3.5.6.jar;C:\Users\GermanParra\.m2\repository\org\apache\zookeeper\zookeeper-jute\3.5.6\zookeeper-jute-3.5.6.jar;C:\Users\GermanParra\.m2\repository\org\apache\yetus\audience-annotations\0.5.0\audience-annotations-0.5.0.jar;C:\Users\GermanParra\.m2\repository\io\netty\netty-handler\4.1.42.Final\netty-handler-4.1.42.Final.jar;C:\Users\GermanParra\.m2\repository\io\netty\netty-common\4.1.42.Final\netty-common-4.1.42.Final.jar;C:\Users\GermanParra\.m2\repository\io\netty\netty-buffer\4.1.42.Final\netty-buffer-4.1.42.Final.jar;C:\Users\GermanParra\.m2\repository\io\netty\netty-transport\4.1.42.Final\netty-transport-4.1.42.Final.jar;C:\Users\GermanParra\.m2\repository\io\netty\netty-resolver\4.1.42.Final\netty-resolver-4.1.42.Final.jar;C:\Users\GermanParra\.m2\repository\io\netty\netty-codec\4.1.42.Final\netty-codec-4.1.42.Final.jar;C:\Users\GermanParra\.m2\repository\io\netty\netty-transport-native-epoll\4.1.42.Final\netty-transport-native-epoll-4.1.42.Final.jar;C:\Users\GermanParra\.m2\repository\io\netty\netty-transport-native-unix-common\4.1.42.Final\netty-transport-native-unix-common-4.1.42.Final.jar;C:\Users\GermanParra\.m2\repository\org\apache\commons\commons-compress\1.19\commons-compress-1.19.jar;C:\Users\GermanParra\.m2\repository\org\apache\kerby\kerb-core\1.0.1\kerb-core-1.0.1.jar;C:\Users\GermanParra\.m2\repository\org\apache\kerby\kerby-pkix\1.0.1\kerby-pkix-1.0.1.jar;C:\Users\GermanParra\.m2\repository\org\apache\kerby\kerby-asn1\1.0.1\kerby-asn1-1.0.1.jar;C:\Users\GermanParra\.m2\repository\org\apache\kerby\kerby-util\1.0.1\kerby-util-1.0.1.jar;C:\Users\GermanParra\.m2\repository\com\fasterxml\jackson\core\jackson-databind\2.10.5.1\jackson-databind-2.10.5.1.jar;C:\Users\GermanParra\.m2\repository\org\codehaus\woodstox\stax2-api\4.2.1\stax2-api-4.2.1.jar;C:\Users\GermanParra\.m2\repository\com\fasterxml\woodstox\woodstox-core\5.3.0\woodstox-core-5.3.0.jar;C:\Users\GermanParra\.m2\repository\dnsjava\dnsjava\2.1.7\dnsjava-2.1.7.jar;C:\Users\GermanParra\.m2\repository\org\xerial\snappy\snappy-java\1.1.8.2\snappy-java-1.1.8.2.jar;C:\Users\GermanParra\.m2\repository\org\apache\hadoop\hadoop-client\3.3.1\hadoop-client-3.3.1.jar;C:\Users\GermanParra\.m2\repository\org\apache\hadoop\hadoop-hdfs-client\3.3.1\hadoop-hdfs-client-3.3.1.jar;C:\Users\GermanParra\.m2\repository\com\squareup\okhttp\okhttp\2.7.5\okhttp-2.7.5.jar;C:\Users\GermanParra\.m2\repository\com\squareup\okio\okio\1.6.0\okio-1.6.0.jar;C:\Users\GermanParra\.m2\repository\org\apache\hadoop\hadoop-yarn-api\3.3.1\hadoop-yarn-api-3.3.1.jar;C:\Users\GermanParra\.m2\repository\javax\xml\bind\jaxb-api\2.2.11\jaxb-api-2.2.11.jar;C:\Users\GermanParra\.m2\repository\org\apache\hadoop\hadoop-yarn-client\3.3.1\hadoop-yarn-client-3.3.1.jar;C:\Users\GermanParra\.m2\repository\org\eclipse\jetty\websocket\websocket-client\9.4.40.v20210413\websocket-client-9.4.40.v20210413.jar;C:\Users\GermanParra\.m2\repository\org\eclipse\jetty\jetty-client\9.4.40.v20210413\jetty-client-9.4.40.v20210413.jar;C:\Users\GermanParra\.m2\repository\org\eclipse\jetty\websocket\websocket-common\9.4.40.v20210413\websocket-common-9.4.40.v20210413.jar;C:\Users\GermanParra\.m2\repository\org\eclipse\jetty\websocket\websocket-api\9.4.40.v20210413\websocket-api-9.4.40.v20210413.jar;C:\Users\GermanParra\.m2\repository\org\jline\jline\3.9.0\jline-3.9.0.jar;C:\Users\GermanParra\.m2\repository\org\apache\hadoop\hadoop-mapreduce-client-core\3.3.1\hadoop-mapreduce-client-core-3.3.1.jar;C:\Users\GermanParra\.m2\repository\org\apache\hadoop\hadoop-yarn-common\3.3.1\hadoop-yarn-common-3.3.1.jar;C:\Users\GermanParra\.m2\repository\com\sun\jersey\jersey-client\1.19\jersey-client-1.19.jar;C:\Users\GermanParra\.m2\repository\com\fasterxml\jackson\module\jackson-module-jaxb-annotations\2.10.5\jackson-module-jaxb-annotations-2.10.5.jar;C:\Users\GermanParra\.m2\repository\jakarta\xml\bind\jakarta.xml.bind-api\2.3.2\jakarta.xml.bind-api-2.3.2.jar;C:\Users\GermanParra\.m2\repository\com\fasterxml\jackson\jaxrs\jackson-jaxrs-json-provider\2.10.5\jackson-jaxrs-json-provider-2.10.5.jar;C:\Users\GermanParra\.m2\repository\com\fasterxml\jackson\jaxrs\jackson-jaxrs-base\2.10.5\jackson-jaxrs-base-2.10.5.jar;C:\Users\GermanParra\.m2\repository\org\apache\hadoop\hadoop-mapreduce-client-jobclient\3.3.1\hadoop-mapreduce-client-jobclient-3.3.1.jar;C:\Users\GermanParra\.m2\repository\org\apache\hadoop\hadoop-mapreduce-client-common\3.3.1\hadoop-mapreduce-client-common-3.3.1.jar;C:\Users\GermanParra\.m2\repository\org\apache\arrow\arrow-vector\17.0.0\arrow-vector-17.0.0.jar;C:\Users\GermanParra\.m2\repository\org\apache\arrow\arrow-format\17.0.0\arrow-format-17.0.0.jar;C:\Users\GermanParra\.m2\repository\org\apache\arrow\arrow-memory-core\17.0.0\arrow-memory-core-17.0.0.jar;C:\Users\GermanParra\.m2\repository\com\fasterxml\jackson\core\jackson-core\2.17.1\jackson-core-2.17.1.jar;C:\Users\GermanParra\.m2\repository\com\fasterxml\jackson\core\jackson-annotations\2.17.1\jackson-annotations-2.17.1.jar;C:\Users\GermanParra\.m2\repository\com\fasterxml\jackson\datatype\jackson-datatype-jsr310\2.17.1\jackson-datatype-jsr310-2.17.1.jar;C:\Users\GermanParra\.m2\repository\com\google\flatbuffers\flatbuffers-java\24.3.25\flatbuffers-java-24.3.25.jar;C:\Users\GermanParra\.m2\repository\org\apache\commons\commons-math3\3.6.1\commons-math3-3.6.1.jar;"/>
    <property name="java.vm.vendor" value="Oracle Corporation"/>
    <property name="sun.arch.data.model" value="64"/>
    <property name="user.variant" value=""/>
    <property name="java.vendor.url" value="https://java.oracle.com/"/>
    <property name="user.timezone" value="America/New_York"/>
    <property name="os.name" value="Windows 11"/>
    <property name="java.vm.specification.version" value="22"/>
    <property name="sun.java.launcher" value="SUN_STANDARD"/>
    <property name="user.country" value="US"/>
    <property name="sun.boot.library.path" value="C:\Program Files\Java\jdk-22\bin"/>
    <property name="sun.java.command" value="C:\Users\GermanParra\AppData\Local\Temp\surefire16081741888409018513\surefirebooter-20240830173047296_3.jar C:\Users\GermanParra\AppData\Local\Temp\surefire16081741888409018513 2024-08-30T17-30-47_120-jvmRun1 surefire-20240830173047296_1tmp surefire_0-20240830173047296_2tmp"/>
    <property name="jdk.debug" value="release"/>
    <property name="surefire.test.class.path" value="C:\Users\GermanParra\OneDrive\Documents\dataprojects\NYCTaxiTrip-reader\target\test-classes;C:\Users\GermanParra\OneDrive\Documents\dataprojects\NYCTaxiTrip-reader\target\classes;C:\Users\GermanParra\.m2\repository\junit\junit\3.8.1\junit-3.8.1.jar;C:\Users\GermanParra\.m2\repository\org\apache\parquet\parquet-avro\1.14.1\parquet-avro-1.14.1.jar;C:\Users\GermanParra\.m2\repository\org\apache\parquet\parquet-column\1.14.1\parquet-column-1.14.1.jar;C:\Users\GermanParra\.m2\repository\org\apache\parquet\parquet-encoding\1.14.1\parquet-encoding-1.14.1.jar;C:\Users\GermanParra\.m2\repository\org\apache\parquet\parquet-hadoop\1.14.1\parquet-hadoop-1.14.1.jar;C:\Users\GermanParra\.m2\repository\org\apache\parquet\parquet-format-structures\1.14.1\parquet-format-structures-1.14.1.jar;C:\Users\GermanParra\.m2\repository\javax\annotation\javax.annotation-api\1.3.2\javax.annotation-api-1.3.2.jar;C:\Users\GermanParra\.m2\repository\org\apache\parquet\parquet-jackson\1.14.1\parquet-jackson-1.14.1.jar;C:\Users\GermanParra\.m2\repository\com\fasterxml\jackson\datatype\jackson-datatype-jdk8\2.17.0\jackson-datatype-jdk8-2.17.0.jar;C:\Users\GermanParra\.m2\repository\io\airlift\aircompressor\0.27\aircompressor-0.27.jar;C:\Users\GermanParra\.m2\repository\commons-pool\commons-pool\1.6\commons-pool-1.6.jar;C:\Users\GermanParra\.m2\repository\com\github\luben\zstd-jni\1.5.6-2\zstd-jni-1.5.6-2.jar;C:\Users\GermanParra\.m2\repository\org\apache\parquet\parquet-common\1.14.1\parquet-common-1.14.1.jar;C:\Users\GermanParra\.m2\repository\org\apache\avro\avro\1.11.3\avro-1.11.3.jar;C:\Users\GermanParra\.m2\repository\org\slf4j\slf4j-api\1.7.33\slf4j-api-1.7.33.jar;C:\Users\GermanParra\.m2\repository\org\apache\hadoop\hadoop-common\3.3.1\hadoop-common-3.3.1.jar;C:\Users\GermanParra\.m2\repository\org\apache\hadoop\thirdparty\hadoop-shaded-protobuf_3_7\1.1.1\hadoop-shaded-protobuf_3_7-1.1.1.jar;C:\Users\GermanParra\.m2\repository\org\apache\hadoop\hadoop-annotations\3.3.1\hadoop-annotations-3.3.1.jar;C:\Users\GermanParra\.m2\repository\org\apache\hadoop\thirdparty\hadoop-shaded-guava\1.1.1\hadoop-shaded-guava-1.1.1.jar;C:\Users\GermanParra\.m2\repository\com\google\guava\guava\27.0-jre\guava-27.0-jre.jar;C:\Users\GermanParra\.m2\repository\com\google\guava\failureaccess\1.0\failureaccess-1.0.jar;C:\Users\GermanParra\.m2\repository\com\google\guava\listenablefuture\9999.0-empty-to-avoid-conflict-with-guava\listenablefuture-9999.0-empty-to-avoid-conflict-with-guava.jar;C:\Users\GermanParra\.m2\repository\org\checkerframework\checker-qual\2.5.2\checker-qual-2.5.2.jar;C:\Users\GermanParra\.m2\repository\com\google\j2objc\j2objc-annotations\1.1\j2objc-annotations-1.1.jar;C:\Users\GermanParra\.m2\repository\org\codehaus\mojo\animal-sniffer-annotations\1.17\animal-sniffer-annotations-1.17.jar;C:\Users\GermanParra\.m2\repository\commons-cli\commons-cli\1.2\commons-cli-1.2.jar;C:\Users\GermanParra\.m2\repository\org\apache\httpcomponents\httpclient\4.5.13\httpclient-4.5.13.jar;C:\Users\GermanParra\.m2\repository\org\apache\httpcomponents\httpcore\4.4.13\httpcore-4.4.13.jar;C:\Users\GermanParra\.m2\repository\commons-codec\commons-codec\1.11\commons-codec-1.11.jar;C:\Users\GermanParra\.m2\repository\commons-io\commons-io\2.8.0\commons-io-2.8.0.jar;C:\Users\GermanParra\.m2\repository\commons-net\commons-net\3.6\commons-net-3.6.jar;C:\Users\GermanParra\.m2\repository\commons-collections\commons-collections\3.2.2\commons-collections-3.2.2.jar;C:\Users\GermanParra\.m2\repository\javax\servlet\javax.servlet-api\3.1.0\javax.servlet-api-3.1.0.jar;C:\Users\GermanParra\.m2\repository\jakarta\activation\jakarta.activation-api\1.2.1\jakarta.activation-api-1.2.1.jar;C:\Users\GermanParra\.m2\repository\org\eclipse\jetty\jetty-server\9.4.40.v20210413\jetty-server-9.4.40.v20210413.jar;C:\Users\GermanParra\.m2\repository\org\eclipse\jetty\jetty-http\9.4.40.v20210413\jetty-http-9.4.40.v20210413.jar;C:\Users\GermanParra\.m2\repository\org\eclipse\jetty\jetty-io\9.4.40.v20210413\jetty-io-9.4.40.v20210413.jar;C:\Users\GermanParra\.m2\repository\org\eclipse\jetty\jetty-util\9.4.40.v20210413\jetty-util-9.4.40.v20210413.jar;C:\Users\GermanParra\.m2\repository\org\eclipse\jetty\jetty-servlet\9.4.40.v20210413\jetty-servlet-9.4.40.v20210413.jar;C:\Users\GermanParra\.m2\repository\org\eclipse\jetty\jetty-security\9.4.40.v20210413\jetty-security-9.4.40.v20210413.jar;C:\Users\GermanParra\.m2\repository\org\eclipse\jetty\jetty-util-ajax\9.4.40.v20210413\jetty-util-ajax-9.4.40.v20210413.jar;C:\Users\GermanParra\.m2\repository\org\eclipse\jetty\jetty-webapp\9.4.40.v20210413\jetty-webapp-9.4.40.v20210413.jar;C:\Users\GermanParra\.m2\repository\org\eclipse\jetty\jetty-xml\9.4.40.v20210413\jetty-xml-9.4.40.v20210413.jar;C:\Users\GermanParra\.m2\repository\javax\servlet\jsp\jsp-api\2.1\jsp-api-2.1.jar;C:\Users\GermanParra\.m2\repository\com\sun\jersey\jersey-core\1.19\jersey-core-1.19.jar;C:\Users\GermanParra\.m2\repository\javax\ws\rs\jsr311-api\1.1.1\jsr311-api-1.1.1.jar;C:\Users\GermanParra\.m2\repository\com\sun\jersey\jersey-servlet\1.19\jersey-servlet-1.19.jar;C:\Users\GermanParra\.m2\repository\com\sun\jersey\jersey-json\1.19\jersey-json-1.19.jar;C:\Users\GermanParra\.m2\repository\org\codehaus\jettison\jettison\1.1\jettison-1.1.jar;C:\Users\GermanParra\.m2\repository\com\sun\xml\bind\jaxb-impl\2.2.3-1\jaxb-impl-2.2.3-1.jar;C:\Users\GermanParra\.m2\repository\org\codehaus\jackson\jackson-core-asl\1.9.2\jackson-core-asl-1.9.2.jar;C:\Users\GermanParra\.m2\repository\org\codehaus\jackson\jackson-mapper-asl\1.9.2\jackson-mapper-asl-1.9.2.jar;C:\Users\GermanParra\.m2\repository\org\codehaus\jackson\jackson-jaxrs\1.9.2\jackson-jaxrs-1.9.2.jar;C:\Users\GermanParra\.m2\repository\org\codehaus\jackson\jackson-xc\1.9.2\jackson-xc-1.9.2.jar;C:\Users\GermanParra\.m2\repository\com\sun\jersey\jersey-server\1.19\jersey-server-1.19.jar;C:\Users\GermanParra\.m2\repository\commons-logging\commons-logging\1.1.3\commons-logging-1.1.3.jar;C:\Users\GermanParra\.m2\repository\log4j\log4j\1.2.17\log4j-1.2.17.jar;C:\Users\GermanParra\.m2\repository\commons-beanutils\commons-beanutils\1.9.4\commons-beanutils-1.9.4.jar;C:\Users\GermanParra\.m2\repository\org\apache\commons\commons-configuration2\2.1.1\commons-configuration2-2.1.1.jar;C:\Users\GermanParra\.m2\repository\org\apache\commons\commons-lang3\3.7\commons-lang3-3.7.jar;C:\Users\GermanParra\.m2\repository\org\apache\commons\commons-text\1.4\commons-text-1.4.jar;C:\Users\GermanParra\.m2\repository\org\slf4j\slf4j-log4j12\1.7.30\slf4j-log4j12-1.7.30.jar;C:\Users\GermanParra\.m2\repository\com\google\re2j\re2j\1.1\re2j-1.1.jar;C:\Users\GermanParra\.m2\repository\com\google\protobuf\protobuf-java\2.5.0\protobuf-java-2.5.0.jar;C:\Users\GermanParra\.m2\repository\com\google\code\gson\gson\2.2.4\gson-2.2.4.jar;C:\Users\GermanParra\.m2\repository\org\apache\hadoop\hadoop-auth\3.3.1\hadoop-auth-3.3.1.jar;C:\Users\GermanParra\.m2\repository\com\nimbusds\nimbus-jose-jwt\9.8.1\nimbus-jose-jwt-9.8.1.jar;C:\Users\GermanParra\.m2\repository\com\github\stephenc\jcip\jcip-annotations\1.0-1\jcip-annotations-1.0-1.jar;C:\Users\GermanParra\.m2\repository\net\minidev\json-smart\2.4.2\json-smart-2.4.2.jar;C:\Users\GermanParra\.m2\repository\net\minidev\accessors-smart\2.4.2\accessors-smart-2.4.2.jar;C:\Users\GermanParra\.m2\repository\org\ow2\asm\asm\8.0.1\asm-8.0.1.jar;C:\Users\GermanParra\.m2\repository\org\apache\curator\curator-framework\4.2.0\curator-framework-4.2.0.jar;C:\Users\GermanParra\.m2\repository\org\apache\kerby\kerb-simplekdc\1.0.1\kerb-simplekdc-1.0.1.jar;C:\Users\GermanParra\.m2\repository\org\apache\kerby\kerb-client\1.0.1\kerb-client-1.0.1.jar;C:\Users\GermanParra\.m2\repository\org\apache\kerby\kerby-config\1.0.1\kerby-config-1.0.1.jar;C:\Users\GermanParra\.m2\repository\org\apache\kerby\kerb-common\1.0.1\kerb-common-1.0.1.jar;C:\Users\GermanParra\.m2\repository\org\apache\kerby\kerb-crypto\1.0.1\kerb-crypto-1.0.1.jar;C:\Users\GermanParra\.m2\repository\org\apache\kerby\kerb-util\1.0.1\kerb-util-1.0.1.jar;C:\Users\GermanParra\.m2\repository\org\apache\kerby\token-provider\1.0.1\token-provider-1.0.1.jar;C:\Users\GermanParra\.m2\repository\org\apache\kerby\kerb-admin\1.0.1\kerb-admin-1.0.1.jar;C:\Users\GermanParra\.m2\repository\org\apache\kerby\kerb-server\1.0.1\kerb-server-1.0.1.jar;C:\Users\GermanParra\.m2\repository\org\apache\kerby\kerb-identity\1.0.1\kerb-identity-1.0.1.jar;C:\Users\GermanParra\.m2\repository\org\apache\kerby\kerby-xdr\1.0.1\kerby-xdr-1.0.1.jar;C:\Users\GermanParra\.m2\repository\com\jcraft\jsch\0.1.55\jsch-0.1.55.jar;C:\Users\GermanParra\.m2\repository\org\apache\curator\curator-client\4.2.0\curator-client-4.2.0.jar;C:\Users\GermanParra\.m2\repository\org\apache\curator\curator-recipes\4.2.0\curator-recipes-4.2.0.jar;C:\Users\GermanParra\.m2\repository\com\google\code\findbugs\jsr305\3.0.2\jsr305-3.0.2.jar;C:\Users\GermanParra\.m2\repository\org\apache\htrace\htrace-core4\4.1.0-incubating\htrace-core4-4.1.0-incubating.jar;C:\Users\GermanParra\.m2\repository\org\apache\zookeeper\zookeeper\3.5.6\zookeeper-3.5.6.jar;C:\Users\GermanParra\.m2\repository\org\apache\zookeeper\zookeeper-jute\3.5.6\zookeeper-jute-3.5.6.jar;C:\Users\GermanParra\.m2\repository\org\apache\yetus\audience-annotations\0.5.0\audience-annotations-0.5.0.jar;C:\Users\GermanParra\.m2\repository\io\netty\netty-handler\4.1.42.Final\netty-handler-4.1.42.Final.jar;C:\Users\GermanParra\.m2\repository\io\netty\netty-common\4.1.42.Final\netty-common-4.1.42.Final.jar;C:\Users\GermanParra\.m2\repository\io\netty\netty-buffer\4.1.42.Final\netty-buffer-4.1.42.Final.jar;C:\Users\GermanParra\.m2\repository\io\netty\netty-transport\4.1.42.Final\netty-transport-4.1.42.Final.jar;C:\Users\GermanParra\.m2\repository\io\netty\netty-resolver\4.1.42.Final\netty-resolver-4.1.42.Final.jar;C:\Users\GermanParra\.m2\repository\io\netty\netty-codec\4.1.42.Final\netty-codec-4.1.42.Final.jar;C:\Users\GermanParra\.m2\repository\io\netty\netty-transport-native-epoll\4.1.42.Final\netty-transport-native-epoll-4.1.42.Final.jar;C:\Users\GermanParra\.m2\repository\io\netty\netty-transport-native-unix-common\4.1.42.Final\netty-transport-native-unix-common-4.1.42.Final.jar;C:\Users\GermanParra\.m2\repository\org\apache\commons\commons-compress\1.19\commons-compress-1.19.jar;C:\Users\GermanParra\.m2\repository\org\apache\kerby\kerb-core\1.0.1\kerb-core-1.0.1.jar;C:\Users\GermanParra\.m2\repository\org\apache\kerby\kerby-pkix\1.0.1\kerby-pkix-1.0.1.jar;C:\Users\GermanParra\.m2\repository\org\apache\kerby\kerby-asn1\1.0.1\kerby-asn1-1.0.1.jar;C:\Users\GermanParra\.m2\repository\org\apache\kerby\kerby-util\1.0.1\kerby-util-1.0.1.jar;C:\Users\GermanParra\.m2\repository\com\fasterxml\jackson\core\jackson-databind\2.10.5.1\jackson-databind-2.10.5.1.jar;C:\Users\GermanParra\.m2\repository\org\codehaus\woodstox\stax2-api\4.2.1\stax2-api-4.2.1.jar;C:\Users\GermanParra\.m2\repository\com\fasterxml\woodstox\woodstox-core\5.3.0\woodstox-core-5.3.0.jar;C:\Users\GermanParra\.m2\repository\dnsjava\dnsjava\2.1.7\dnsjava-2.1.7.jar;C:\Users\GermanParra\.m2\repository\org\xerial\snappy\snappy-java\1.1.8.2\snappy-java-1.1.8.2.jar;C:\Users\GermanParra\.m2\repository\org\apache\hadoop\hadoop-client\3.3.1\hadoop-client-3.3.1.jar;C:\Users\GermanParra\.m2\repository\org\apache\hadoop\hadoop-hdfs-client\3.3.1\hadoop-hdfs-client-3.3.1.jar;C:\Users\GermanParra\.m2\repository\com\squareup\okhttp\okhttp\2.7.5\okhttp-2.7.5.jar;C:\Users\GermanParra\.m2\repository\com\squareup\okio\okio\1.6.0\okio-1.6.0.jar;C:\Users\GermanParra\.m2\repository\org\apache\hadoop\hadoop-yarn-api\3.3.1\hadoop-yarn-api-3.3.1.jar;C:\Users\GermanParra\.m2\repository\javax\xml\bind\jaxb-api\2.2.11\jaxb-api-2.2.11.jar;C:\Users\GermanParra\.m2\repository\org\apache\hadoop\hadoop-yarn-client\3.3.1\hadoop-yarn-client-3.3.1.jar;C:\Users\GermanParra\.m2\repository\org\eclipse\jetty\websocket\websocket-client\9.4.40.v20210413\websocket-client-9.4.40.v20210413.jar;C:\Users\GermanParra\.m2\repository\org\eclipse\jetty\jetty-client\9.4.40.v20210413\jetty-client-9.4.40.v20210413.jar;C:\Users\GermanParra\.m2\repository\org\eclipse\jetty\websocket\websocket-common\9.4.40.v20210413\websocket-common-9.4.40.v20210413.jar;C:\Users\GermanParra\.m2\repository\org\eclipse\jetty\websocket\websocket-api\9.4.40.v20210413\websocket-api-9.4.40.v20210413.jar;C:\Users\GermanParra\.m2\repository\org\jline\jline\3.9.0\jline-3.9.0.jar;C:\Users\GermanParra\.m2\repository\org\apache\hadoop\hadoop-mapreduce-client-core\3.3.1\hadoop-mapreduce-client-core-3.3.1.jar;C:\Users\GermanParra\.m2\repository\org\apache\hadoop\hadoop-yarn-common\3.3.1\hadoop-yarn-common-3.3.1.jar;C:\Users\GermanParra\.m2\repository\com\sun\jersey\jersey-client\1.19\jersey-client-1.19.jar;C:\Users\GermanParra\.m2\repository\com\fasterxml\jackson\module\jackson-module-jaxb-annotations\2.10.5\jackson-module-jaxb-annotations-2.10.5.jar;C:\Users\GermanParra\.m2\repository\jakarta\xml\bind\jakarta.xml.bind-api\2.3.2\jakarta.xml.bind-api-2.3.2.jar;C:\Users\GermanParra\.m2\repository\com\fasterxml\jackson\jaxrs\jackson-jaxrs-json-provider\2.10.5\jackson-jaxrs-json-provider-2.10.5.jar;C:\Users\GermanParra\.m2\repository\com\fasterxml\jackson\jaxrs\jackson-jaxrs-base\2.10.5\jackson-jaxrs-base-2.10.5.jar;C:\Users\GermanParra\.m2\repository\org\apache\hadoop\hadoop-mapreduce-client-jobclient\3.3.1\hadoop-mapreduce-client-jobclient-3.3.1.jar;C:\Users\GermanParra\.m2\repository\org\apache\hadoop\hadoop-mapreduce-client-common\3.3.1\hadoop-mapreduce-client-common-3.3.1.jar;C:\Users\GermanParra\.m2\repository\org\apache\arrow\arrow-vector\17.0.0\arrow-vector-17.0.0.jar;C:\Users\GermanParra\.m2\repository\org\apache\arrow\arrow-format\17.0.0\arrow-format-17.0.0.jar;C:\Users\GermanParra\.m2\repository\org\apache\arrow\arrow-memory-core\17.0.0\arrow-memory-core-17.0.0.jar;C:\Users\GermanParra\.m2\repository\com\fasterxml\jackson\core\jackson-core\2.17.1\jackson-core-2.17.1.jar;C:\Users\GermanParra\.m2\repository\com\fasterxml\jackson\core\jackson-annotations\2.17.1\jackson-annotations-2.17.1.jar;C:\Users\GermanParra\.m2\repository\com\fasterxml\jackson\datatype\jackson-datatype-jsr310\2.17.1\jackson-datatype-jsr310-2.17.1.jar;C:\Users\GermanParra\.m2\repository\com\google\flatbuffers\flatbuffers-java\24.3.25\flatbuffers-java-24.3.25.jar;C:\Users\GermanParra\.m2\repository\org\apache\commons\commons-math3\3.6.1\commons-math3-3.6.1.jar;"/>
    <property name="sun.cpu.endian" value="little"/>
    <property name="user.home" value="C:\Users\GermanParra"/>
    <property name="user.language" value="en"/>
    <property name="java.specification.vendor" value="Oracle Corporation"/>
    <property name="java.version.date" value="2024-07-16"/>
    <property name="java.home" value="C:\Program Files\Java\jdk-22"/>
    <property name="file.separator" value="\"/>
    <property name="basedir" value="C:\Users\GermanParra\OneDrive\Documents\dataprojects\NYCTaxiTrip-reader"/>
    <property name="java.vm.compressedOopsMode" value="Zero based"/>
    <property name="line.separator" value="&#10;"/>
    <property name="java.vm.specification.vendor" value="Oracle Corporation"/>
    <property name="java.specification.name" value="Java Platform API Specification"/>
    <property name="surefire.real.class.path" value="C:\Users\GermanParra\AppData\Local\Temp\surefire16081741888409018513\surefirebooter-20240830173047296_3.jar"/>
    <property name="user.script" value=""/>
    <property name="sun.management.compiler" value="HotSpot 64-Bit Tiered Compilers"/>
    <property name="java.runtime.version" value="22.0.2+9-70"/>
    <property name="user.name" value="GermanParra"/>
    <property name="stdout.encoding" value="Cp1252"/>
    <property name="path.separator" value=";"/>
    <property name="os.version" value="10.0"/>
    <property name="java.runtime.name" value="Java(TM) SE Runtime Environment"/>
    <property name="file.encoding" value="UTF-8"/>
    <property name="java.vm.name" value="Java HotSpot(TM) 64-Bit Server VM"/>
    <property name="localRepository" value="C:\Users\GermanParra\.m2\repository"/>
    <property name="java.vendor.url.bug" value="https://bugreport.java.com/bugreport/"/>
    <property name="java.io.tmpdir" value="C:\Users\GERMAN~1\AppData\Local\Temp\"/>
    <property name="java.version" value="22.0.2"/>
    <property name="user.dir" value="C:\Users\GermanParra\OneDrive\Documents\dataprojects\NYCTaxiTrip-reader"/>
    <property name="os.arch" value="amd64"/>
    <property name="java.vm.specification.name" value="Java Virtual Machine Specification"/>
    <property name="sun.os.patch.level" value=""/>
    <property name="native.encoding" value="Cp1252"/>
    <property name="java.library.path" value="C:\Program Files\Java\jdk-22\bin;C:\WINDOWS\Sun\Java\bin;C:\WINDOWS\system32;C:\WINDOWS;C:\Users\GermanParra\bin;C:\Program Files\Git\mingw64\bin;C:\Program Files\Git\usr\local\bin;C:\Program Files\Git\usr\bin;C:\Program Files\Git\usr\bin;C:\Program Files\Git\mingw64\bin;C:\Program Files\Git\usr\bin;C:\Users\GermanParra\bin;C:\Program Files\Common Files\Oracle\Java\javapath;C:\WINDOWS\system32;C:\WINDOWS;C:\WINDOWS\System32\Wbem;C:\WINDOWS\System32\WindowsPowerShell\v1.0;C:\WINDOWS\System32\OpenSSH;C:\Program Files (x86)\Microsoft SQL Server\160\DTS\Binn;C:\Program Files\Azure Data Studio\bin;C:\Program Files\Git\cmd;C:\Users\GermanParra\AppData\Local\Microsoft\WindowsApps;C:\Program Files\Azure Data Studio\bin;C:\Program Files\Java\jdk-22;C:\Program Files\Java\apache-maven-3.9.9\bin;C:\Program Files\Git\usr\bin\vendor_perl;C:\Program Files\Git\usr\bin\core_perl;."/>
    <property name="java.vm.info" value="mixed mode, sharing"/>
    <property name="stderr.encoding" value="Cp1252"/>
    <property name="java.vendor" value="Oracle Corporation"/>
    <property name="java.vm.version" value="22.0.2+9-70"/>
    <property name="sun.io.unicode.encoding" value="UnicodeLittle"/>
    <property name="java.class.version" value="66.0"/>
  </properties>
  <testcase name="testApp" classname="com.example.AppTest" time="0.002"/>
</testsuite>